<?xml version="1.0" encoding="UTF-8"?>
<testsuite xmlns:xsi="http://www.w3.org/2001/XMLSchema-instance" xsi:noNamespaceSchemaLocation="https://maven.apache.org/surefire/maven-surefire-plugin/xsd/surefire-test-report-3.0.xsd" version="3.0" name="bedu.proyecto.ecommerce.mockitotests.controller.ProductoControllerTest" time="0.593" tests="6" errors="0" skipped="0" failures="0">
  <properties>
[...]
</properties>
  <testcase name="testEdit" classname="bedu.proyecto.ecommerce.mockitotests.controller.ProductoControllerTest" time="0.352">
    <system-out><![CDATA[14:14:38.332 [ForkJoinPool-1-worker-1] INFO bedu.proyecto.ecommerce.controller.ProductoController -- Producto buscado: producto
]]></system-out>
  </testcase>
  <testcase name="testSave" classname="bedu.proyecto.ecommerce.mockitotests.controller.ProductoControllerTest" time="0.17">
    <system-out><![CDATA[14:14:38.508 [ForkJoinPool-1-worker-1] INFO bedu.proyecto.ecommerce.controller.ProductoController -- Este es el objeto producto producto
]]></system-out>
  </testcase>
  <testcase name="testShow" classname="bedu.proyecto.ecommerce.mockitotests.controller.ProductoControllerTest" time="0.006"/>
  <testcase name="testCreate" classname="bedu.proyecto.ecommerce.mockitotests.controller.ProductoControllerTest" time="0.01"/>
  <testcase name="testDelete" classname="bedu.proyecto.ecommerce.mockitotests.controller.ProductoControllerTest" time="0.012"/>
  <testcase name="testUpdate" classname="bedu.proyecto.ecommerce.mockitotests.controller.ProductoControllerTest" time="0.015"/>
</testsuite>